Flutter crash report; please file at https://github.com/flutter/flutter/issues.

## command

flutter packages get

## exception

YamlException: Error on line 7, column 1: Expected ':'.
environment:
^

```
#0      Scanner._staleSimpleKeys (package:yaml/src/scanner.dart:491:9)
#1      Scanner._fetchMoreTokens (package:yaml/src/scanner.dart:325:9)
#2      Scanner.peek (package:yaml/src/scanner.dart:317:27)
#3      Parser._parseBlockMappingKey (package:yaml/src/parser.dart:418:26)
#4      Parser._stateMachine (package:yaml/src/parser.dart:86:16)
#5      Parser.parse (package:yaml/src/parser.dart:47:19)
#6      Loader._loadMapping (package:yaml/src/loader.dart:171:23)
#7      Loader._loadNode (package:yaml/src/loader.dart:86:16)
#8      Loader._loadDocument (package:yaml/src/loader.dart:62:20)
#9      Loader.load (package:yaml/src/loader.dart:54:20)
#10     loadYamlDocument (package:yaml/yaml.dart:51:25)
#11     loadYamlNode (package:yaml/yaml.dart:42:5)
#12     loadYaml (package:yaml/yaml.dart:34:5)
#13     _pluginFromPubspec (package:flutter_tools/src/plugins.dart:62:27)
#14     findPlugins.<anonymous closure> (package:flutter_tools/src/plugins.dart:85:27)
#15     __InternalLinkedHashMap&_HashVMBase&MapMixin&_LinkedHashMapMixin.forEach (dart:collection/runtime/libcompact_hash.dart:370:8)
#16     findPlugins (package:flutter_tools/src/plugins.dart:83:12)
#17     injectPlugins (package:flutter_tools/src/plugins.dart:297:32)
<asynchronous suspension>
#18     FlutterProject.ensureReadyForPlatformSpecificTooling (package:flutter_tools/src/project.dart:142:11)
<asynchronous suspension>
#19     PackagesGetCommand.runCommand (package:flutter_tools/src/commands/packages.dart:84:23)
<asynchronous suspension>
#20     FlutterCommand.verifyThenRunCommand (package:flutter_tools/src/runner/flutter_command.dart:383:18)
#21     _asyncThenWrapperHelper.<anonymous closure> (dart:async/runtime/libasync_patch.dart:77:64)
#22     _rootRunUnary (dart:async/zone.dart:1132:38)
#23     _CustomZone.runUnary (dart:async/zone.dart:1029:19)
#24     _FutureListener.handleValue (dart:async/future_impl.dart:129:18)
#25     Future._propagateToListeners.handleValueCallback (dart:async/future_impl.dart:642:45)
#26     Future._propagateToListeners (dart:async/future_impl.dart:671:32)
#27     Future._complete (dart:async/future_impl.dart:476:7)
#28     _SyncCompleter.complete (dart:async/future_impl.dart:51:12)
#29     _AsyncAwaitCompleter.complete.<anonymous closure> (dart:async/runtime/libasync_patch.dart:33:20)
#30     _rootRun (dart:async/zone.dart:1124:13)
#31     _CustomZone.run (dart:async/zone.dart:1021:19)
#32     _CustomZone.bindCallback.<anonymous closure> (dart:async/zone.dart:947:23)
#33     _microtaskLoop (dart:async/schedule_microtask.dart:41:21)
#34     _startMicrotaskLoop (dart:async/schedule_microtask.dart:50:5)
#35     _runPendingImmediateCallback (dart:isolate/runtime/libisolate_patch.dart:115:13)
#36     _RawReceivePortImpl._handleMessage (dart:isolate/runtime/libisolate_patch.dart:172:5)
```

## flutter doctor

```
[✓] Flutter (Channel beta, v0.10.2, on Mac OS X 10.14 18A391, locale zh-Hans-CN)
    • Flutter version 0.10.2 at /Users/du/Du/flutter
    • Framework revision d8cbb80206 (2 weeks ago), 2018-10-26 01:30:21 -0400
    • Engine revision 6c2ade9fa2
    • Dart version 2.1.0-dev.8.0.flutter-bf26f760b1

[✓] Android toolchain - develop for Android devices (Android SDK 28.0.3)
    • Android SDK at /Users/du/Du/Android/android-sdk-macosx
    • Android NDK at /Users/du/Du/Android/android-sdk-macosx/ndk-bundle
    • Platform android-28, build-tools 28.0.3
    • Java binary at: /Applications/Android Studio.app/Contents/jre/jdk/Contents/Home/bin/java
    • Java version OpenJDK Runtime Environment (build 1.8.0_152-release-1136-b06)
    • All Android licenses accepted.

[✓] iOS toolchain - develop for iOS devices (Xcode 10.1)
    • Xcode at /Applications/Xcode.app/Contents/Developer
    • Xcode 10.1, Build version 10B61
    • ios-deploy 2.0.0
    • CocoaPods version 1.5.3

[✓] Android Studio (version 3.2)
    • Android Studio at /Applications/Android Studio.app/Contents
    • Flutter plugin version 30.0.1
    • Dart plugin version 181.5656
    • Java version OpenJDK Runtime Environment (build 1.8.0_152-release-1136-b06)

[✓] IntelliJ IDEA Ultimate Edition (version 2018.2.5)
    • IntelliJ at /Applications/IntelliJ IDEA.app
    • Flutter plugin version 30.0.2
    • Dart plugin version 182.5124

[✓] VS Code (version 1.28.2)
    • VS Code at /Applications/Visual Studio Code.app/Contents
    • Flutter extension version 2.20.0

[✓] Connected device (2 available)
    • G620S UL00 • 582af71dfac3     • android-arm   • Android 4.4.4 (API 19)
    • KNT AL20   • TWGDU16513029047 • android-arm64 • Android 8.0.0 (API 26)

• No issues found!
```
